2021-10-11 21:26:36.694  INFO 15280 --- [restartedMain] c.j.s.j.JaridaServerApplication          : Starting JaridaServerApplication on umar-auna with PID 15280 (/home/umar-auna/IdeaProjects/Spring-boot-api-jarida/target/classes started by umar-auna in /home/umar-auna/IdeaProjects/Spring-boot-api-jarida)
2021-10-11 21:26:36.705  INFO 15280 --- [restartedMain] c.j.s.j.JaridaServerApplication          : No active profile set, falling back to default profiles: default
2021-10-11 21:26:36.850  INFO 15280 --- [restartedMain] .e.DevToolsPropertyDefaultsPostProcessor : Devtools property defaults active! Set 'spring.devtools.add-properties' to 'false' to disable
2021-10-11 21:26:38.062  INFO 15280 --- [restartedMain] .s.d.r.c.RepositoryConfigurationDelegate : Bootstrapping Spring Data JPA repositories in DEFERRED mode.
2021-10-11 21:26:38.141  INFO 15280 --- [restartedMain] .s.d.r.c.RepositoryConfigurationDelegate : Finished Spring Data repository scanning in 73ms. Found 17 JPA repository interfaces.
2021-10-11 21:26:38.603  INFO 15280 --- [restartedMain] o.s.b.w.embedded.tomcat.TomcatWebServer  : Tomcat initialized with port(s): 8080 (http)
2021-10-11 21:26:38.609  INFO 15280 --- [restartedMain] o.apache.catalina.core.StandardService   : Starting service [Tomcat]
2021-10-11 21:26:38.609  INFO 15280 --- [restartedMain] org.apache.catalina.core.StandardEngine  : Starting Servlet engine: [Apache Tomcat/9.0.35]
2021-10-11 21:26:38.669  INFO 15280 --- [restartedMain] o.a.c.c.C.[Tomcat].[localhost].[/]       : Initializing Spring embedded WebApplicationContext
2021-10-11 21:26:38.669 DEBUG 15280 --- [restartedMain] o.s.web.context.ContextLoader            : Published root WebApplicationContext as ServletContext attribute with name [org.springframework.web.context.WebApplicationContext.ROOT]
2021-10-11 21:26:38.669  INFO 15280 --- [restartedMain] o.s.web.context.ContextLoader            : Root WebApplicationContext: initialization completed in 1818 ms
2021-10-11 21:26:38.780 DEBUG 15280 --- [restartedMain] o.s.b.w.s.ServletContextInitializerBeans : Mapping filters: filterRegistrationBean urls=[/*] order=-2147483647, characterEncodingFilter urls=[/*] order=-2147483648, formContentFilter urls=[/*] order=-9900, requestContextFilter urls=[/*] order=-105
2021-10-11 21:26:38.780 DEBUG 15280 --- [restartedMain] o.s.b.w.s.ServletContextInitializerBeans : Mapping servlets: dispatcherServlet urls=[/]
2021-10-11 21:26:38.914  INFO 15280 --- [restartedMain] o.s.s.concurrent.ThreadPoolTaskExecutor  : Initializing ExecutorService 'applicationTaskExecutor'
2021-10-11 21:26:38.944  INFO 15280 --- [task-1] o.hibernate.jpa.internal.util.LogHelper  : HHH000204: Processing PersistenceUnitInfo [name: default]
2021-10-11 21:26:38.975  INFO 15280 --- [task-1] org.hibernate.Version                    : HHH000412: Hibernate ORM core version 5.4.15.Final
2021-10-11 21:26:39.075  INFO 15280 --- [task-1] o.hibernate.annotations.common.Version   : HCANN000001: Hibernate Commons Annotations {4.0.5.Final}
2021-10-11 21:26:39.092 DEBUG 15280 --- [task-1] org.hibernate.type.BasicTypeRegistry     : Adding type registration boolean -> org.hibernate.type.BooleanType@a576fcc
2021-10-11 21:26:39.092 DEBUG 15280 --- [task-1] org.hibernate.type.BasicTypeRegistry     : Adding type registration boolean -> org.hibernate.type.BooleanType@a576fcc
2021-10-11 21:26:39.092 DEBUG 15280 --- [task-1] org.hibernate.type.BasicTypeRegistry     : Adding type registration java.lang.Boolean -> org.hibernate.type.BooleanType@a576fcc
2021-10-11 21:26:39.092 DEBUG 15280 --- [task-1] org.hibernate.type.BasicTypeRegistry     : Adding type registration numeric_boolean -> org.hibernate.type.NumericBooleanType@7f8c4241
2021-10-11 21:26:39.093 DEBUG 15280 --- [task-1] org.hibernate.type.BasicTypeRegistry     : Adding type registration true_false -> org.hibernate.type.TrueFalseType@49f1a22c
2021-10-11 21:26:39.093 DEBUG 15280 --- [task-1] org.hibernate.type.BasicTypeRegistry     : Adding type registration yes_no -> org.hibernate.type.YesNoType@794a731a
2021-10-11 21:26:39.094 DEBUG 15280 --- [task-1] org.hibernate.type.BasicTypeRegistry     : Adding type registration byte -> org.hibernate.type.ByteType@1e9cf88
2021-10-11 21:26:39.094 DEBUG 15280 --- [task-1] org.hibernate.type.BasicTypeRegistry     : Adding type registration byte -> org.hibernate.type.ByteType@1e9cf88
2021-10-11 21:26:39.094 DEBUG 15280 --- [task-1] org.hibernate.type.BasicTypeRegistry     : Adding type registration java.lang.Byte -> org.hibernate.type.ByteType@1e9cf88
2021-10-11 21:26:39.095 DEBUG 15280 --- [task-1] org.hibernate.type.BasicTypeRegistry     : Adding type registration character -> org.hibernate.type.CharacterType@a1be9a8
2021-10-11 21:26:39.095 DEBUG 15280 --- [task-1] org.hibernate.type.BasicTypeRegistry     : Adding type registration char -> org.hibernate.type.CharacterType@a1be9a8
2021-10-11 21:26:39.095 DEBUG 15280 --- [task-1] org.hibernate.type.BasicTypeRegistry     : Adding type registration java.lang.Character -> org.hibernate.type.CharacterType@a1be9a8
2021-10-11 21:26:39.096 DEBUG 15280 --- [task-1] org.hibernate.type.BasicTypeRegistry     : Adding type registration short -> org.hibernate.type.ShortType@62f45f48
2021-10-11 21:26:39.096 DEBUG 15280 --- [task-1] org.hibernate.type.BasicTypeRegistry     : Adding type registration short -> org.hibernate.type.ShortType@62f45f48
2021-10-11 21:26:39.096 DEBUG 15280 --- [task-1] org.hibernate.type.BasicTypeRegistry     : Adding type registration java.lang.Short -> org.hibernate.type.ShortType@62f45f48
2021-10-11 21:26:39.097 DEBUG 15280 --- [task-1] org.hibernate.type.BasicTypeRegistry     : Adding type registration integer -> org.hibernate.type.IntegerType@749aae9a
2021-10-11 21:26:39.097 DEBUG 15280 --- [task-1] org.hibernate.type.BasicTypeRegistry     : Adding type registration int -> org.hibernate.type.IntegerType@749aae9a
2021-10-11 21:26:39.097 DEBUG 15280 --- [task-1] org.hibernate.type.BasicTypeRegistry     : Adding type registration java.lang.Integer -> org.hibernate.type.IntegerType@749aae9a
2021-10-11 21:26:39.098 DEBUG 15280 --- [task-1] org.hibernate.type.BasicTypeRegistry     : Adding type registration long -> org.hibernate.type.LongType@59e36184
2021-10-11 21:26:39.098 DEBUG 15280 --- [task-1] org.hibernate.type.BasicTypeRegistry     : Adding type registration long -> org.hibernate.type.LongType@59e36184
2021-10-11 21:26:39.098 DEBUG 15280 --- [task-1] org.hibernate.type.BasicTypeRegistry     : Adding type registration java.lang.Long -> org.hibernate.type.LongType@59e36184
2021-10-11 21:26:39.099 DEBUG 15280 --- [task-1] org.hibernate.type.BasicTypeRegistry     : Adding type registration float -> org.hibernate.type.FloatType@4ed69a6c
2021-10-11 21:26:39.099 DEBUG 15280 --- [task-1] org.hibernate.type.BasicTypeRegistry     : Adding type registration float -> org.hibernate.type.FloatType@4ed69a6c
2021-10-11 21:26:39.099 DEBUG 15280 --- [task-1] org.hibernate.type.BasicTypeRegistry     : Adding type registration java.lang.Float -> org.hibernate.type.FloatType@4ed69a6c
2021-10-11 21:26:39.099 DEBUG 15280 --- [task-1] org.hibernate.type.BasicTypeRegistry     : Adding type registration double -> org.hibernate.type.DoubleType@10b5758
2021-10-11 21:26:39.100 DEBUG 15280 --- [task-1] org.hibernate.type.BasicTypeRegistry     : Adding type registration double -> org.hibernate.type.DoubleType@10b5758
2021-10-11 21:26:39.100 DEBUG 15280 --- [task-1] org.hibernate.type.BasicTypeRegistry     : Adding type registration java.lang.Double -> org.hibernate.type.DoubleType@10b5758
2021-10-11 21:26:39.100 DEBUG 15280 --- [task-1] org.hibernate.type.BasicTypeRegistry     : Adding type registration big_decimal -> org.hibernate.type.BigDecimalType@3f5ae7c6
2021-10-11 21:26:39.100 DEBUG 15280 --- [task-1] org.hibernate.type.BasicTypeRegistry     : Adding type registration java.math.BigDecimal -> org.hibernate.type.BigDecimalType@3f5ae7c6
2021-10-11 21:26:39.101 DEBUG 15280 --- [task-1] org.hibernate.type.BasicTypeRegistry     : Adding type registration big_integer -> org.hibernate.type.BigIntegerType@5caa6bd3
2021-10-11 21:26:39.101 DEBUG 15280 --- [task-1] org.hibernate.type.BasicTypeRegistry     : Adding type registration java.math.BigInteger -> org.hibernate.type.BigIntegerType@5caa6bd3
2021-10-11 21:26:39.102 DEBUG 15280 --- [task-1] org.hibernate.type.BasicTypeRegistry     : Adding type registration string -> org.hibernate.type.StringType@48b13253
2021-10-11 21:26:39.102 DEBUG 15280 --- [task-1] org.hibernate.type.BasicTypeRegistry     : Adding type registration java.lang.String -> org.hibernate.type.StringType@48b13253
2021-10-11 21:26:39.102 DEBUG 15280 --- [task-1] org.hibernate.type.BasicTypeRegistry     : Adding type registration nstring -> org.hibernate.type.StringNVarcharType@1dd8c917
2021-10-11 21:26:39.103 DEBUG 15280 --- [task-1] org.hibernate.type.BasicTypeRegistry     : Adding type registration ncharacter -> org.hibernate.type.CharacterNCharType@7bb203b5
2021-10-11 21:26:39.103 DEBUG 15280 --- [task-1] org.hibernate.type.BasicTypeRegistry     : Adding type registration url -> org.hibernate.type.UrlType@1b7f410d
2021-10-11 21:26:39.103 DEBUG 15280 --- [task-1] org.hibernate.type.BasicTypeRegistry     : Adding type registration java.net.URL -> org.hibernate.type.UrlType@1b7f410d
2021-10-11 21:26:39.104 DEBUG 15280 --- [task-1] org.hibernate.type.BasicTypeRegistry     : Adding type registration Duration -> org.hibernate.type.DurationType@556f6a3e
2021-10-11 21:26:39.104 DEBUG 15280 --- [task-1] org.hibernate.type.BasicTypeRegistry     : Adding type registration java.time.Duration -> org.hibernate.type.DurationType@556f6a3e
2021-10-11 21:26:39.105 DEBUG 15280 --- [task-1] org.hibernate.type.BasicTypeRegistry     : Adding type registration Instant -> org.hibernate.type.InstantType@4b7ddd0f
2021-10-11 21:26:39.105 DEBUG 15280 --- [task-1] org.hibernate.type.BasicTypeRegistry     : Adding type registration java.time.Instant -> org.hibernate.type.InstantType@4b7ddd0f
2021-10-11 21:26:39.106 DEBUG 15280 --- [task-1] org.hibernate.type.BasicTypeRegistry     : Adding type registration LocalDateTime -> org.hibernate.type.LocalDateTimeType@38c88ded
2021-10-11 21:26:39.106 DEBUG 15280 --- [task-1] org.hibernate.type.BasicTypeRegistry     : Adding type registration java.time.LocalDateTime -> org.hibernate.type.LocalDateTimeType@38c88ded
2021-10-11 21:26:39.107 DEBUG 15280 --- [task-1] org.hibernate.type.BasicTypeRegistry     : Adding type registration LocalDate -> org.hibernate.type.LocalDateType@7bce5117
2021-10-11 21:26:39.107 DEBUG 15280 --- [task-1] org.hibernate.type.BasicTypeRegistry     : Adding type registration java.time.LocalDate -> org.hibernate.type.LocalDateType@7bce5117
2021-10-11 21:26:39.107 DEBUG 15280 --- [task-1] org.hibernate.type.BasicTypeRegistry     : Adding type registration LocalTime -> org.hibernate.type.LocalTimeType@38d1c86c
2021-10-11 21:26:39.108 DEBUG 15280 --- [task-1] org.hibernate.type.BasicTypeRegistry     : Adding type registration java.time.LocalTime -> org.hibernate.type.LocalTimeType@38d1c86c
2021-10-11 21:26:39.108 DEBUG 15280 --- [task-1] org.hibernate.type.BasicTypeRegistry     : Adding type registration OffsetDateTime -> org.hibernate.type.OffsetDateTimeType@17b1a57
2021-10-11 21:26:39.108 DEBUG 15280 --- [task-1] org.hibernate.type.BasicTypeRegistry     : Adding type registration java.time.OffsetDateTime -> org.hibernate.type.OffsetDateTimeType@17b1a57
2021-10-11 21:26:39.109 DEBUG 15280 --- [task-1] org.hibernate.type.BasicTypeRegistry     : Adding type registration OffsetTime -> org.hibernate.type.OffsetTimeType@27185209
2021-10-11 21:26:39.109 DEBUG 15280 --- [task-1] org.hibernate.type.BasicTypeRegistry     : Adding type registration java.time.OffsetTime -> org.hibernate.type.OffsetTimeType@27185209
2021-10-11 21:26:39.110 DEBUG 15280 --- [task-1] org.hibernate.type.BasicTypeRegistry     : Adding type registration ZonedDateTime -> org.hibernate.type.ZonedDateTimeType@33ade0d1
2021-10-11 21:26:39.110 DEBUG 15280 --- [task-1] org.hibernate.type.BasicTypeRegistry     : Adding type registration java.time.ZonedDateTime -> org.hibernate.type.ZonedDateTimeType@33ade0d1
2021-10-11 21:26:39.111 DEBUG 15280 --- [task-1] org.hibernate.type.BasicTypeRegistry     : Adding type registration date -> org.hibernate.type.DateType@3e8393e
2021-10-11 21:26:39.111 DEBUG 15280 --- [task-1] org.hibernate.type.BasicTypeRegistry     : Adding type registration java.sql.Date -> org.hibernate.type.DateType@3e8393e
2021-10-11 21:26:39.112 DEBUG 15280 --- [task-1] org.hibernate.type.BasicTypeRegistry     : Adding type registration time -> org.hibernate.type.TimeType@25479519
2021-10-11 21:26:39.112 DEBUG 15280 --- [task-1] org.hibernate.type.BasicTypeRegistry     : Adding type registration java.sql.Time -> org.hibernate.type.TimeType@25479519
2021-10-11 21:26:39.113 DEBUG 15280 --- [task-1] org.hibernate.type.BasicTypeRegistry     : Adding type registration timestamp -> org.hibernate.type.TimestampType@26cdb369
2021-10-11 21:26:39.114 DEBUG 15280 --- [task-1] org.hibernate.type.BasicTypeRegistry     : Adding type registration java.sql.Timestamp -> org.hibernate.type.TimestampType@26cdb369
2021-10-11 21:26:39.114 DEBUG 15280 --- [task-1] org.hibernate.type.BasicTypeRegistry     : Adding type registration java.util.Date -> org.hibernate.type.TimestampType@26cdb369
2021-10-11 21:26:39.115 DEBUG 15280 --- [task-1] org.hibernate.type.BasicTypeRegistry     : Adding type registration dbtimestamp -> org.hibernate.type.DbTimestampType@3180a25e
2021-10-11 21:26:39.115 DEBUG 15280 --- [task-1] org.hibernate.type.BasicTypeRegistry     : Adding type registration calendar -> org.hibernate.type.CalendarType@37fcf0b6
2021-10-11 21:26:39.116 DEBUG 15280 --- [task-1] org.hibernate.type.BasicTypeRegistry     : Adding type registration java.util.Calendar -> org.hibernate.type.CalendarType@37fcf0b6
2021-10-11 21:26:39.116 DEBUG 15280 --- [task-1] org.hibernate.type.BasicTypeRegistry     : Adding type registration java.util.GregorianCalendar -> org.hibernate.type.CalendarType@37fcf0b6
2021-10-11 21:26:39.116 DEBUG 15280 --- [task-1] org.hibernate.type.BasicTypeRegistry     : Adding type registration calendar_date -> org.hibernate.type.CalendarDateType@6c572b9e
2021-10-11 21:26:39.117 DEBUG 15280 --- [task-1] org.hibernate.type.BasicTypeRegistry     : Adding type registration calendar_time -> org.hibernate.type.CalendarTimeType@6015a947
2021-10-11 21:26:39.118 DEBUG 15280 --- [task-1] org.hibernate.type.BasicTypeRegistry     : Adding type registration locale -> org.hibernate.type.LocaleType@40cd79c6
2021-10-11 21:26:39.118 DEBUG 15280 --- [task-1] org.hibernate.type.BasicTypeRegistry     : Adding type registration java.util.Locale -> org.hibernate.type.LocaleType@40cd79c6
2021-10-11 21:26:39.119 DEBUG 15280 --- [task-1] org.hibernate.type.BasicTypeRegistry     : Adding type registration currency -> org.hibernate.type.CurrencyType@d60c876
2021-10-11 21:26:39.119 DEBUG 15280 --- [task-1] org.hibernate.type.BasicTypeRegistry     : Adding type registration java.util.Currency -> org.hibernate.type.CurrencyType@d60c876
2021-10-11 21:26:39.119 DEBUG 15280 --- [task-1] org.hibernate.type.BasicTypeRegistry     : Adding type registration timezone -> org.hibernate.type.TimeZoneType@2d58bb05
2021-10-11 21:26:39.119 DEBUG 15280 --- [task-1] org.hibernate.type.BasicTypeRegistry     : Adding type registration java.util.TimeZone -> org.hibernate.type.TimeZoneType@2d58bb05
2021-10-11 21:26:39.120 DEBUG 15280 --- [task-1] org.hibernate.type.BasicTypeRegistry     : Adding type registration class -> org.hibernate.type.ClassType@6a430eac
2021-10-11 21:26:39.120 DEBUG 15280 --- [task-1] org.hibernate.type.BasicTypeRegistry     : Adding type registration java.lang.Class -> org.hibernate.type.ClassType@6a430eac
2021-10-11 21:26:39.121 DEBUG 15280 --- [task-1] org.hibernate.type.BasicTypeRegistry     : Adding type registration uuid-binary -> org.hibernate.type.UUIDBinaryType@6d3b6da5
2021-10-11 21:26:39.121 DEBUG 15280 --- [task-1] org.hibernate.type.BasicTypeRegistry     : Adding type registration java.util.UUID -> org.hibernate.type.UUIDBinaryType@6d3b6da5
2021-10-11 21:26:39.121 DEBUG 15280 --- [task-1] org.hibernate.type.BasicTypeRegistry     : Adding type registration uuid-char -> org.hibernate.type.UUIDCharType@23139f7b
2021-10-11 21:26:39.122 DEBUG 15280 --- [task-1] org.hibernate.type.BasicTypeRegistry     : Adding type registration binary -> org.hibernate.type.BinaryType@7dccfa17
2021-10-11 21:26:39.123 DEBUG 15280 --- [task-1] org.hibernate.type.BasicTypeRegistry     : Adding type registration byte[] -> org.hibernate.type.BinaryType@7dccfa17
2021-10-11 21:26:39.123 DEBUG 15280 --- [task-1] org.hibernate.type.BasicTypeRegistry     : Adding type registration [B -> org.hibernate.type.BinaryType@7dccfa17
2021-10-11 21:26:39.124 DEBUG 15280 --- [task-1] org.hibernate.type.BasicTypeRegistry     : Adding type registration wrapper-binary -> org.hibernate.type.WrapperBinaryType@34aa6ec4
2021-10-11 21:26:39.124 DEBUG 15280 --- [task-1] org.hibernate.type.BasicTypeRegistry     : Adding type registration Byte[] -> org.hibernate.type.WrapperBinaryType@34aa6ec4
2021-10-11 21:26:39.124 DEBUG 15280 --- [task-1] org.hibernate.type.BasicTypeRegistry     : Adding type registration [Ljava.lang.Byte; -> org.hibernate.type.WrapperBinaryType@34aa6ec4
2021-10-11 21:26:39.125 DEBUG 15280 --- [task-1] org.hibernate.type.BasicTypeRegistry     : Adding type registration row_version -> org.hibernate.type.RowVersionType@2ee33dd0
2021-10-11 21:26:39.125 DEBUG 15280 --- [task-1] org.hibernate.type.BasicTypeRegistry     : Adding type registration image -> org.hibernate.type.ImageType@1498904f
2021-10-11 21:26:39.126 DEBUG 15280 --- [task-1] org.hibernate.type.BasicTypeRegistry     : Adding type registration characters -> org.hibernate.type.CharArrayType@742dd32
2021-10-11 21:26:39.126 DEBUG 15280 --- [task-1] org.hibernate.type.BasicTypeRegistry     : Adding type registration char[] -> org.hibernate.type.CharArrayType@742dd32
2021-10-11 21:26:39.126 DEBUG 15280 --- [task-1] org.hibernate.type.BasicTypeRegistry     : Adding type registration [C -> org.hibernate.type.CharArrayType@742dd32
2021-10-11 21:26:39.127 DEBUG 15280 --- [task-1] org.hibernate.type.BasicTypeRegistry     : Adding type registration wrapper-characters -> org.hibernate.type.CharacterArrayType@4f8e7332
2021-10-11 21:26:39.127 DEBUG 15280 --- [task-1] org.hibernate.type.BasicTypeRegistry     : Adding type registration [Ljava.lang.Character; -> org.hibernate.type.CharacterArrayType@4f8e7332
2021-10-11 21:26:39.127 DEBUG 15280 --- [task-1] org.hibernate.type.BasicTypeRegistry     : Adding type registration Character[] -> org.hibernate.type.CharacterArrayType@4f8e7332
2021-10-11 21:26:39.128 DEBUG 15280 --- [task-1] org.hibernate.type.BasicTypeRegistry     : Adding type registration text -> org.hibernate.type.TextType@245b6fc
2021-10-11 21:26:39.128 DEBUG 15280 --- [task-1] org.hibernate.type.BasicTypeRegistry     : Adding type registration ntext -> org.hibernate.type.NTextType@49c7b9a7
2021-10-11 21:26:39.129 DEBUG 15280 --- [task-1] org.hibernate.type.BasicTypeRegistry     : Adding type registration blob -> org.hibernate.type.BlobType@60c01256
2021-10-11 21:26:39.129 DEBUG 15280 --- [task-1] org.hibernate.type.BasicTypeRegistry     : Adding type registration java.sql.Blob -> org.hibernate.type.BlobType@60c01256
2021-10-11 21:26:39.130 DEBUG 15280 --- [task-1] org.hibernate.type.BasicTypeRegistry     : Adding type registration materialized_blob -> org.hibernate.type.MaterializedBlobType@a9db210
2021-10-11 21:26:39.131 DEBUG 15280 --- [task-1] org.hibernate.type.BasicTypeRegistry     : Adding type registration clob -> org.hibernate.type.ClobType@32edfa34
2021-10-11 21:26:39.131 DEBUG 15280 --- [task-1] org.hibernate.type.BasicTypeRegistry     : Adding type registration java.sql.Clob -> org.hibernate.type.ClobType@32edfa34
2021-10-11 21:26:39.132 DEBUG 15280 --- [task-1] org.hibernate.type.BasicTypeRegistry     : Adding type registration nclob -> org.hibernate.type.NClobType@3a16d11a
2021-10-11 21:26:39.132 DEBUG 15280 --- [task-1] org.hibernate.type.BasicTypeRegistry     : Adding type registration java.sql.NClob -> org.hibernate.type.NClobType@3a16d11a
2021-10-11 21:26:39.132 DEBUG 15280 --- [task-1] org.hibernate.type.BasicTypeRegistry     : Adding type registration materialized_clob -> org.hibernate.type.MaterializedClobType@6f99824e
2021-10-11 21:26:39.133 DEBUG 15280 --- [task-1] org.hibernate.type.BasicTypeRegistry     : Adding type registration materialized_nclob -> org.hibernate.type.MaterializedNClobType@2118adb5
2021-10-11 21:26:39.134 DEBUG 15280 --- [task-1] org.hibernate.type.BasicTypeRegistry     : Adding type registration serializable -> org.hibernate.type.SerializableType@64d3ae39
2021-10-11 21:26:39.136 DEBUG 15280 --- [task-1] org.hibernate.type.BasicTypeRegistry     : Adding type registration object -> org.hibernate.type.ObjectType@6024bfd1
2021-10-11 21:26:39.136 DEBUG 15280 --- [task-1] org.hibernate.type.BasicTypeRegistry     : Adding type registration java.lang.Object -> org.hibernate.type.ObjectType@6024bfd1
2021-10-11 21:26:39.136 DEBUG 15280 --- [task-1] org.hibernate.type.BasicTypeRegistry     : Adding type registration imm_date -> org.hibernate.type.AdaptedImmutableType@1fbe6ff6
2021-10-11 21:26:39.136 DEBUG 15280 --- [task-1] org.hibernate.type.BasicTypeRegistry     : Adding type registration imm_time -> org.hibernate.type.AdaptedImmutableType@15aa2aa8
2021-10-11 21:26:39.137 DEBUG 15280 --- [task-1] org.hibernate.type.BasicTypeRegistry     : Adding type registration imm_timestamp -> org.hibernate.type.AdaptedImmutableType@6bf697a5
2021-10-11 21:26:39.137 DEBUG 15280 --- [task-1] org.hibernate.type.BasicTypeRegistry     : Adding type registration imm_dbtimestamp -> org.hibernate.type.AdaptedImmutableType@3d4bc836
2021-10-11 21:26:39.137 DEBUG 15280 --- [task-1] org.hibernate.type.BasicTypeRegistry     : Adding type registration imm_calendar -> org.hibernate.type.AdaptedImmutableType@51e6c1b6
2021-10-11 21:26:39.137 DEBUG 15280 --- [task-1] org.hibernate.type.BasicTypeRegistry     : Adding type registration imm_calendar_date -> org.hibernate.type.AdaptedImmutableType@155d4e48
2021-10-11 21:26:39.137 DEBUG 15280 --- [task-1] org.hibernate.type.BasicTypeRegistry     : Adding type registration imm_binary -> org.hibernate.type.AdaptedImmutableType@4a49a8f9
2021-10-11 21:26:39.137 DEBUG 15280 --- [task-1] org.hibernate.type.BasicTypeRegistry     : Adding type registration imm_serializable -> org.hibernate.type.AdaptedImmutableType@29a0c3fe
2021-10-11 21:26:39.167  INFO 15280 --- [task-1] com.zaxxer.hikari.HikariDataSource       : HikariPool-1 - Starting...
2021-10-11 21:26:39.321  WARN 15280 --- [restartedMain] JpaBaseConfiguration$JpaWebConfiguration : spring.jpa.open-in-view is enabled by default. Therefore, database queries may be performed during view rendering. Explicitly configure spring.jpa.open-in-view to disable this warning
2021-10-11 21:26:39.339  INFO 15280 --- [task-1] com.zaxxer.hikari.HikariDataSource       : HikariPool-1 - Start completed.
2021-10-11 21:26:39.351  INFO 15280 --- [task-1] org.hibernate.dialect.Dialect            : HHH000400: Using dialect: org.hibernate.dialect.MySQL5Dialect
2021-10-11 21:26:39.435 DEBUG 15280 --- [task-1] o.h.type.spi.TypeConfiguration$Scope     : Scoping TypeConfiguration [org.hibernate.type.spi.TypeConfiguration@4701b4c9] to MetadataBuildingContext [org.hibernate.boot.internal.MetadataBuildingContextRootImpl@69714fbb]
2021-10-11 21:26:39.596 DEBUG 15280 --- [task-1] org.hibernate.type.EnumType              : Using ORDINAL-based conversion for Enum com.jarida.server.jaridaserver.todoApi.model.TodoStatus
2021-10-11 21:26:39.638 DEBUG 15280 --- [task-1] org.hibernate.type.EnumType              : Using ORDINAL-based conversion for Enum com.jarida.server.jaridaserver.todoApi.model.TodoStatus
2021-10-11 21:26:39.712 DEBUG 15280 --- [task-1] o.h.type.spi.TypeConfiguration$Scope     : Scoping TypeConfiguration [org.hibernate.type.spi.TypeConfiguration@4701b4c9] to SessionFactoryImpl [org.hibernate.internal.SessionFactoryImpl@3ff1d745]
2021-10-11 21:26:39.881 DEBUG 15280 --- [task-1] org.hibernate.type.EnumType              : Using ORDINAL-based conversion for Enum com.jarida.server.jaridaserver.todoApi.model.TodoStatus
2021-10-11 21:26:39.881 DEBUG 15280 --- [task-1] org.hibernate.type.EnumType              : Using ORDINAL-based conversion for Enum com.jarida.server.jaridaserver.todoApi.model.TodoStatus
2021-10-11 21:26:39.896 DEBUG 15280 --- [task-1] org.hibernate.type.EnumType              : Using ORDINAL-based conversion for Enum com.jarida.server.jaridaserver.todoApi.model.TodoStatus
2021-10-11 21:26:39.896 DEBUG 15280 --- [task-1] org.hibernate.type.EnumType              : Using ORDINAL-based conversion for Enum com.jarida.server.jaridaserver.todoApi.model.TodoStatus
2021-10-11 21:26:39.975  INFO 15280 --- [task-1] org.hibernate.tuple.PojoInstantiator     : HHH000182: No default (no-argument) constructor for class: com.jarida.server.jaridaserver.cloudinary_image_upload_2.entity.Imagen (class must be instantiated by Interceptor)
2021-10-11 21:26:40.049 DEBUG 15280 --- [task-1] org.hibernate.type.EnumType              : Using ORDINAL-based conversion for Enum com.jarida.server.jaridaserver.todoApi.model.TodoStatus
2021-10-11 21:26:40.049 DEBUG 15280 --- [task-1] org.hibernate.type.EnumType              : Using ORDINAL-based conversion for Enum com.jarida.server.jaridaserver.todoApi.model.TodoStatus
2021-10-11 21:26:40.109 DEBUG 15280 --- [task-1] org.hibernate.SQL                        : 
    
    alter table comments 
       add constraint FKh4c7lvsc298whoyd4w9ta25cr 
       foreign key (post_id) 
       references posts (id)
2021-10-11 21:26:40.152 DEBUG 15280 --- [task-1] org.hibernate.SQL                        : 
    
    alter table course 
       add constraint FKqk2yq2yk124dhlsilomy36qr9 
       foreign key (instructor_id) 
       references instructor (id)
2021-10-11 21:26:40.203 DEBUG 15280 --- [task-1] org.hibernate.SQL                        : 
    
    alter table organization 
       add constraint FK97eigsvq2tsrd2bge4ox651wh 
       foreign key (address_id) 
       references address (id)
2021-10-11 21:26:40.239 DEBUG 15280 --- [task-1] org.hibernate.SQL                        : 
    
    alter table user_roles 
       add constraint FKj9553ass9uctjrmh0gkqsmv0d 
       foreign key (roles_id) 
       references role (id)
2021-10-11 21:26:40.293 DEBUG 15280 --- [task-1] org.hibernate.SQL                        : 
    
    alter table user_roles 
       add constraint FK7ecyobaa59vxkxckg6t355l86 
       foreign key (users_id) 
       references user (id)
2021-10-11 21:26:40.349 DEBUG 15280 --- [task-1] org.hibernate.SQL                        : 
    
    alter table user_uni_roles_uni 
       add constraint FKbhdimqeipm48tgut1uvhg0p4 
       foreign key (roles_uni_id) 
       references role_uni (id)
2021-10-11 21:26:40.384 DEBUG 15280 --- [task-1] org.hibernate.SQL                        : 
    
    alter table user_uni_roles_uni 
       add constraint FKphgnyu7jr3n9t9b27gltn17p 
       foreign key (user_uni_id) 
       references user_uni (id)
2021-10-11 21:26:40.407  INFO 15280 --- [task-1] o.h.e.t.j.p.i.JtaPlatformInitiator       : HHH000490: Using JtaPlatform implementation: [org.hibernate.engine.transaction.jta.platform.internal.NoJtaPlatform]
2021-10-11 21:26:40.411 TRACE 15280 --- [task-1] o.h.type.spi.TypeConfiguration$Scope     : Handling #sessionFactoryCreated from [org.hibernate.internal.SessionFactoryImpl@3ff1d745] for TypeConfiguration
2021-10-11 21:26:40.412  INFO 15280 --- [task-1] j.LocalContainerEntityManagerFactoryBean : Initialized JPA EntityManagerFactory for persistence unit 'default'
2021-10-11 21:26:40.681 DEBUG 15280 --- [restartedMain] s.w.s.m.m.a.RequestMappingHandlerMapping : 89 mappings in 'requestMappingHandlerMapping'
2021-10-11 21:26:40.768  INFO 15280 --- [restartedMain] o.s.b.a.e.web.EndpointLinksResolver      : Exposing 2 endpoint(s) beneath base path '/actuator'
2021-10-11 21:26:40.811  INFO 15280 --- [task-2] o.s.b.d.a.OptionalLiveReloadServer       : LiveReload server is running on port 35729
2021-10-11 21:26:40.841  INFO 15280 --- [restartedMain] pertySourcedRequestMappingHandlerMapping : Mapped URL path [/v2/api-docs] onto method [springfox.documentation.swagger2.web.Swagger2Controller#getDocumentation(String, HttpServletRequest)]
2021-10-11 21:26:40.940 DEBUG 15280 --- [restartedMain] s.w.s.m.m.a.RequestMappingHandlerAdapter : ControllerAdvice beans: 0 @ModelAttribute, 0 @InitBinder, 1 RequestBodyAdvice, 1 ResponseBodyAdvice
2021-10-11 21:26:40.970 DEBUG 15280 --- [restartedMain] o.s.w.s.handler.SimpleUrlHandlerMapping  : Patterns [/webjars/**, /**] in 'resourceHandlerMapping'
2021-10-11 21:26:40.978 DEBUG 15280 --- [restartedMain] .m.m.a.ExceptionHandlerExceptionResolver : ControllerAdvice beans: 1 @ExceptionHandler, 1 ResponseBodyAdvice
2021-10-11 21:26:40.996  WARN 15280 --- [restartedMain] ion$DefaultTemplateResolverConfiguration : Cannot find template location: classpath:/templates/ (please add some templates or check your Thymeleaf configuration)
2021-10-11 21:26:41.125  INFO 15280 --- [restartedMain] o.s.b.w.embedded.tomcat.TomcatWebServer  : Tomcat started on port(s): 8080 (http) with context path ''
2021-10-11 21:26:41.126  INFO 15280 --- [restartedMain] d.s.w.p.DocumentationPluginsBootstrapper : Context refreshed
2021-10-11 21:26:41.136  INFO 15280 --- [restartedMain] d.s.w.p.DocumentationPluginsBootstrapper : Found 2 custom documentation plugin(s)
2021-10-11 21:26:41.176  INFO 15280 --- [restartedMain] s.d.s.w.s.ApiListingReferenceScanner     : Scanning for api listing references
2021-10-11 21:26:41.338  INFO 15280 --- [restartedMain] .d.s.w.r.o.CachingOperationNameGenerator : Generating unique operation named: createRoleUsingPOST_1
2021-10-11 21:26:41.340  INFO 15280 --- [restartedMain] .d.s.w.r.o.CachingOperationNameGenerator : Generating unique operation named: deleteRoleUsingDELETE_1
2021-10-11 21:26:41.341  INFO 15280 --- [restartedMain] .d.s.w.r.o.CachingOperationNameGenerator : Generating unique operation named: getRoleUsingGET_1
2021-10-11 21:26:41.342  INFO 15280 --- [restartedMain] .d.s.w.r.o.CachingOperationNameGenerator : Generating unique operation named: getRolesUsingGET_1
2021-10-11 21:26:41.344  INFO 15280 --- [restartedMain] .d.s.w.r.o.CachingOperationNameGenerator : Generating unique operation named: updateRoleUsingPUT_1
2021-10-11 21:26:41.396  INFO 15280 --- [restartedMain] .d.s.w.r.o.CachingOperationNameGenerator : Generating unique operation named: createUserUsingPOST_1
2021-10-11 21:26:41.397  INFO 15280 --- [restartedMain] .d.s.w.r.o.CachingOperationNameGenerator : Generating unique operation named: deleteUserUsingDELETE_1
2021-10-11 21:26:41.401  INFO 15280 --- [restartedMain] .d.s.w.r.o.CachingOperationNameGenerator : Generating unique operation named: updateUserUsingPUT_1
2021-10-11 21:26:41.405  INFO 15280 --- [restartedMain] .d.s.w.r.o.CachingOperationNameGenerator : Generating unique operation named: deleteUserUsingDELETE_2
2021-10-11 21:26:41.407  INFO 15280 --- [restartedMain] .d.s.w.r.o.CachingOperationNameGenerator : Generating unique operation named: getUserUsingGET_1
2021-10-11 21:26:41.409  INFO 15280 --- [restartedMain] .d.s.w.r.o.CachingOperationNameGenerator : Generating unique operation named: getUsersUsingGET_1
2021-10-11 21:26:41.411  INFO 15280 --- [restartedMain] .d.s.w.r.o.CachingOperationNameGenerator : Generating unique operation named: updateUserUsingPUT_2
2021-10-11 21:26:41.425  INFO 15280 --- [restartedMain] s.d.s.w.s.ApiListingReferenceScanner     : Scanning for api listing references
2021-10-11 21:26:41.484  INFO 15280 --- [restartedMain] .d.s.w.r.o.CachingOperationNameGenerator : Generating unique operation named: getFileUsingGET_1
2021-10-11 21:26:41.486  INFO 15280 --- [restartedMain] .d.s.w.r.o.CachingOperationNameGenerator : Generating unique operation named: getListFilesUsingGET_1
2021-10-11 21:26:41.488  INFO 15280 --- [restartedMain] .d.s.w.r.o.CachingOperationNameGenerator : Generating unique operation named: uploadFileUsingPOST_1
2021-10-11 21:26:41.512  INFO 15280 --- [restartedMain] .d.s.w.r.o.CachingOperationNameGenerator : Generating unique operation named: deleteUsingDELETE_1
2021-10-11 21:26:41.515  INFO 15280 --- [restartedMain] .d.s.w.r.o.CachingOperationNameGenerator : Generating unique operation named: getByIdUsingGET_1
2021-10-11 21:26:41.518  INFO 15280 --- [restartedMain] DeferredRepositoryInitializationListener : Triggering deferred initialization of Spring Data repositories…
2021-10-11 21:26:41.831  INFO 15280 --- [restartedMain] DeferredRepositoryInitializationListener : Spring Data repositories initialized!
2021-10-11 21:26:41.845  INFO 15280 --- [restartedMain] c.j.s.j.JaridaServerApplication          : Started JaridaServerApplication in 5.631 seconds (JVM running for 6.508)
2021-10-11 21:26:42.149  INFO 15280 --- [RMI TCP Connection(2)-127.0.0.1] o.a.c.c.C.[Tomcat].[localhost].[/]       : Initializing Spring DispatcherServlet 'dispatcherServlet'
2021-10-11 21:26:42.149  INFO 15280 --- [RMI TCP Connection(2)-127.0.0.1] o.s.web.servlet.DispatcherServlet        : Initializing Servlet 'dispatcherServlet'
2021-10-11 21:26:42.150 DEBUG 15280 --- [RMI TCP Connection(2)-127.0.0.1] o.s.web.servlet.DispatcherServlet        : Detected StandardServletMultipartResolver
2021-10-11 21:26:42.156 DEBUG 15280 --- [RMI TCP Connection(2)-127.0.0.1] o.s.web.servlet.DispatcherServlet        : enableLoggingRequestDetails='true': request parameters and headers will be shown which may lead to unsafe logging of potentially sensitive data
2021-10-11 21:26:42.156  INFO 15280 --- [RMI TCP Connection(2)-127.0.0.1] o.s.web.servlet.DispatcherServlet        : Completed initialization in 7 ms
2021-10-11 21:27:11.530 DEBUG 15280 --- [http-nio-8080-exec-1] o.s.web.servlet.DispatcherServlet        : GET "/", parameters={}
2021-10-11 21:27:11.536 DEBUG 15280 --- [http-nio-8080-exec-1] o.s.w.s.handler.SimpleUrlHandlerMapping  : Mapped to ResourceHttpRequestHandler ["classpath:/META-INF/resources/", "classpath:/resources/", "classpath:/static/", "classpath:/public/", "/"]
2021-10-11 21:27:11.538 DEBUG 15280 --- [http-nio-8080-exec-1] o.s.w.s.r.ResourceHttpRequestHandler     : Resource not found
2021-10-11 21:27:11.538 DEBUG 15280 --- [http-nio-8080-exec-1] o.s.web.servlet.DispatcherServlet        : Completed 404 NOT_FOUND
2021-10-11 21:27:11.544 DEBUG 15280 --- [http-nio-8080-exec-1] o.s.web.servlet.DispatcherServlet        : "ERROR" dispatch for GET "/error", parameters={}
2021-10-11 21:27:11.545 DEBUG 15280 --- [http-nio-8080-exec-1] s.w.s.m.m.a.RequestMappingHandlerMapping : Mapped to org.springframework.boot.autoconfigure.web.servlet.error.BasicErrorController#errorHtml(HttpServletRequest, HttpServletResponse)
2021-10-11 21:27:11.561 DEBUG 15280 --- [http-nio-8080-exec-1] o.s.w.s.v.ContentNegotiatingViewResolver : Selected 'text/html' given [text/html, text/html;q=0.8]
2021-10-11 21:27:11.564 DEBUG 15280 --- [http-nio-8080-exec-1] o.s.web.servlet.DispatcherServlet        : Exiting from "ERROR" dispatch, status 404
2021-10-11 21:27:11.719 DEBUG 15280 --- [http-nio-8080-exec-2] o.s.web.servlet.DispatcherServlet        : GET "/favicon.ico", parameters={}
2021-10-11 21:27:11.720 DEBUG 15280 --- [http-nio-8080-exec-2] o.s.w.s.handler.SimpleUrlHandlerMapping  : Mapped to ResourceHttpRequestHandler ["classpath:/META-INF/resources/", "classpath:/resources/", "classpath:/static/", "classpath:/public/", "/"]
2021-10-11 21:27:11.721 DEBUG 15280 --- [http-nio-8080-exec-2] o.s.w.s.r.ResourceHttpRequestHandler     : Resource not found
2021-10-11 21:27:11.721 DEBUG 15280 --- [http-nio-8080-exec-2] o.s.web.servlet.DispatcherServlet        : Completed 404 NOT_FOUND
2021-10-11 21:27:11.721 DEBUG 15280 --- [http-nio-8080-exec-2] o.s.web.servlet.DispatcherServlet        : "ERROR" dispatch for GET "/error", parameters={}
2021-10-11 21:27:11.722 DEBUG 15280 --- [http-nio-8080-exec-2] s.w.s.m.m.a.RequestMappingHandlerMapping : Mapped to org.springframework.boot.autoconfigure.web.servlet.error.BasicErrorController#error(HttpServletRequest)
2021-10-11 21:27:11.730 DEBUG 15280 --- [http-nio-8080-exec-2] o.s.w.s.m.m.a.HttpEntityMethodProcessor  : Using 'application/json;q=0.8', given [image/avif, image/webp, image/apng, image/svg+xml, image/*, */*;q=0.8] and supported [application/json, application/*+json, application/json, application/*+json]
2021-10-11 21:27:11.731 DEBUG 15280 --- [http-nio-8080-exec-2] o.s.w.s.m.m.a.HttpEntityMethodProcessor  : Writing [{timestamp=Mon Oct 11 21:27:11 WAT 2021, status=404, error=Not Found, message=No message available,  (truncated)...]
2021-10-11 21:27:11.741 DEBUG 15280 --- [http-nio-8080-exec-2] o.s.web.servlet.DispatcherServlet        : Exiting from "ERROR" dispatch, status 404
2021-10-11 21:27:16.651 DEBUG 15280 --- [http-nio-8080-exec-3] o.s.web.servlet.DispatcherServlet        : GET "/api", parameters={}
2021-10-11 21:27:16.652 DEBUG 15280 --- [http-nio-8080-exec-3] s.w.s.m.m.a.RequestMappingHandlerMapping : Mapped to com.jarida.server.jaridaserver.WebController#redirectWithUsingRedirectPrefix()
2021-10-11 21:27:16.663 DEBUG 15280 --- [http-nio-8080-exec-3] o.s.web.servlet.view.RedirectView        : View name 'redirect:/swagger-ui.html', model {}
2021-10-11 21:27:16.664 DEBUG 15280 --- [http-nio-8080-exec-3] o.s.web.servlet.DispatcherServlet        : Completed 302 FOUND
2021-10-11 21:27:16.679 DEBUG 15280 --- [http-nio-8080-exec-4] o.s.web.servlet.DispatcherServlet        : GET "/swagger-ui.html", parameters={}
2021-10-11 21:27:16.680 DEBUG 15280 --- [http-nio-8080-exec-4] o.s.w.s.handler.SimpleUrlHandlerMapping  : Mapped to ResourceHttpRequestHandler ["classpath:/META-INF/resources/", "classpath:/resources/", "classpath:/static/", "classpath:/public/", "/"]
2021-10-11 21:27:16.684 DEBUG 15280 --- [http-nio-8080-exec-4] o.s.web.servlet.DispatcherServlet        : Completed 200 OK
2021-10-11 21:27:16.736 DEBUG 15280 --- [http-nio-8080-exec-5] o.s.web.servlet.DispatcherServlet        : GET "/webjars/springfox-swagger-ui/springfox.css?v=2.8.0-SNAPSHOT", parameters={v:[2.8.0-SNAPSHOT]}
2021-10-11 21:27:16.737 DEBUG 15280 --- [http-nio-8080-exec-5] o.s.w.s.handler.SimpleUrlHandlerMapping  : Mapped to ResourceHttpRequestHandler ["classpath:/META-INF/resources/webjars/"]
2021-10-11 21:27:16.740 DEBUG 15280 --- [http-nio-8080-exec-5] o.s.web.servlet.DispatcherServlet        : Completed 200 OK
2021-10-11 21:27:16.742 DEBUG 15280 --- [http-nio-8080-exec-5] o.s.web.servlet.DispatcherServlet        : GET "/webjars/springfox-swagger-ui/swagger-ui.css?v=2.8.0-SNAPSHOT", parameters={v:[2.8.0-SNAPSHOT]}
2021-10-11 21:27:16.744 DEBUG 15280 --- [http-nio-8080-exec-5] o.s.w.s.handler.SimpleUrlHandlerMapping  : Mapped to ResourceHttpRequestHandler ["classpath:/META-INF/resources/webjars/"]
2021-10-11 21:27:16.745 DEBUG 15280 --- [http-nio-8080-exec-7] o.s.web.servlet.DispatcherServlet        : GET "/webjars/springfox-swagger-ui/swagger-ui-standalone-preset.js?v=2.8.0-SNAPSHOT", parameters={v:[2.8.0-SNAPSHOT]}
2021-10-11 21:27:16.744 DEBUG 15280 --- [http-nio-8080-exec-8] o.s.web.servlet.DispatcherServlet        : GET "/webjars/springfox-swagger-ui/springfox.js?v=2.8.0-SNAPSHOT", parameters={v:[2.8.0-SNAPSHOT]}
2021-10-11 21:27:16.747 DEBUG 15280 --- [http-nio-8080-exec-7] o.s.w.s.handler.SimpleUrlHandlerMapping  : Mapped to ResourceHttpRequestHandler ["classpath:/META-INF/resources/webjars/"]
2021-10-11 21:27:16.747 DEBUG 15280 --- [http-nio-8080-exec-8] o.s.w.s.handler.SimpleUrlHandlerMapping  : Mapped to ResourceHttpRequestHandler ["classpath:/META-INF/resources/webjars/"]
2021-10-11 21:27:16.749 DEBUG 15280 --- [http-nio-8080-exec-5] o.s.web.servlet.DispatcherServlet        : Completed 200 OK
2021-10-11 21:27:16.744 DEBUG 15280 --- [http-nio-8080-exec-6] o.s.web.servlet.DispatcherServlet        : GET "/webjars/springfox-swagger-ui/swagger-ui-bundle.js?v=2.8.0-SNAPSHOT", parameters={v:[2.8.0-SNAPSHOT]}
2021-10-11 21:27:16.751 DEBUG 15280 --- [http-nio-8080-exec-6] o.s.w.s.handler.SimpleUrlHandlerMapping  : Mapped to ResourceHttpRequestHandler ["classpath:/META-INF/resources/webjars/"]
2021-10-11 21:27:16.749 DEBUG 15280 --- [http-nio-8080-exec-8] o.s.web.servlet.DispatcherServlet        : Completed 200 OK
2021-10-11 21:27:16.755 DEBUG 15280 --- [http-nio-8080-exec-7] o.s.web.servlet.DispatcherServlet        : Completed 200 OK
2021-10-11 21:27:16.771 DEBUG 15280 --- [http-nio-8080-exec-6] o.s.web.servlet.DispatcherServlet        : Completed 200 OK
2021-10-11 21:27:16.972 DEBUG 15280 --- [http-nio-8080-exec-10] o.s.web.servlet.DispatcherServlet        : GET "/swagger-resources/configuration/ui", parameters={}
2021-10-11 21:27:16.973 DEBUG 15280 --- [http-nio-8080-exec-10] s.w.s.m.m.a.RequestMappingHandlerMapping : Mapped to springfox.documentation.swagger.web.ApiResourceController#uiConfiguration()
2021-10-11 21:27:16.981 DEBUG 15280 --- [http-nio-8080-exec-10] o.s.w.s.m.m.a.HttpEntityMethodProcessor  : Using 'application/json', given [*/*] and supported [application/json, application/*+json, application/json, application/*+json]
2021-10-11 21:27:16.981 DEBUG 15280 --- [http-nio-8080-exec-10] o.s.w.s.m.m.a.HttpEntityMethodProcessor  : Writing [springfox.documentation.swagger.web.UiConfiguration@34023967]
2021-10-11 21:27:16.982 DEBUG 15280 --- [http-nio-8080-exec-10] o.s.web.servlet.DispatcherServlet        : Completed 200 OK
2021-10-11 21:27:16.987 DEBUG 15280 --- [http-nio-8080-exec-1] o.s.web.servlet.DispatcherServlet        : GET "/swagger-resources/configuration/security", parameters={}
2021-10-11 21:27:16.988 DEBUG 15280 --- [http-nio-8080-exec-1] s.w.s.m.m.a.RequestMappingHandlerMapping : Mapped to springfox.documentation.swagger.web.ApiResourceController#securityConfiguration()
2021-10-11 21:27:16.991 DEBUG 15280 --- [http-nio-8080-exec-1] o.s.w.s.m.m.a.HttpEntityMethodProcessor  : Using 'application/json', given [*/*] and supported [application/json, application/*+json, application/json, application/*+json]
2021-10-11 21:27:16.991 DEBUG 15280 --- [http-nio-8080-exec-1] o.s.w.s.m.m.a.HttpEntityMethodProcessor  : Writing [springfox.documentation.swagger.web.SecurityConfiguration@4e0da833]
2021-10-11 21:27:16.992 DEBUG 15280 --- [http-nio-8080-exec-1] o.s.web.servlet.DispatcherServlet        : Completed 200 OK
2021-10-11 21:27:16.998 DEBUG 15280 --- [http-nio-8080-exec-2] o.s.web.servlet.DispatcherServlet        : GET "/swagger-resources", parameters={}
2021-10-11 21:27:16.999 DEBUG 15280 --- [http-nio-8080-exec-2] s.w.s.m.m.a.RequestMappingHandlerMapping : Mapped to springfox.documentation.swagger.web.ApiResourceController#swaggerResources()
2021-10-11 21:27:17.000 DEBUG 15280 --- [http-nio-8080-exec-2] o.s.w.s.m.m.a.HttpEntityMethodProcessor  : Using 'application/json', given [*/*] and supported [application/json, application/*+json, application/json, application/*+json]
2021-10-11 21:27:17.001 DEBUG 15280 --- [http-nio-8080-exec-2] o.s.w.s.m.m.a.HttpEntityMethodProcessor  : Writing [[springfox.documentation.swagger.web.SwaggerResource@247cdd0d, springfox.documentation.swagger.web.S (truncated)...]
2021-10-11 21:27:17.002 DEBUG 15280 --- [http-nio-8080-exec-2] o.s.web.servlet.DispatcherServlet        : Completed 200 OK
2021-10-11 21:27:17.026 DEBUG 15280 --- [http-nio-8080-exec-3] o.s.web.servlet.DispatcherServlet        : GET "/v2/api-docs?group=A%20Student%20-%20V2", parameters={group:[A Student - V2]}
2021-10-11 21:27:17.049 DEBUG 15280 --- [http-nio-8080-exec-4] o.s.web.servlet.DispatcherServlet        : GET "/webjars/springfox-swagger-ui/fonts/titillium-web-v6-latin-700.woff2", parameters={}
2021-10-11 21:27:17.050 DEBUG 15280 --- [http-nio-8080-exec-4] o.s.w.s.handler.SimpleUrlHandlerMapping  : Mapped to ResourceHttpRequestHandler ["classpath:/META-INF/resources/webjars/"]
2021-10-11 21:27:17.052 DEBUG 15280 --- [http-nio-8080-exec-4] o.s.web.servlet.DispatcherServlet        : Completed 200 OK
2021-10-11 21:27:17.110 DEBUG 15280 --- [http-nio-8080-exec-3] o.s.w.s.m.m.a.HttpEntityMethodProcessor  : Using 'application/json', given [application/json, */*] and supported [application/json, application/*+json, application/json, application/*+json]
2021-10-11 21:27:17.110 DEBUG 15280 --- [http-nio-8080-exec-3] o.s.w.s.m.m.a.HttpEntityMethodProcessor  : Writing [springfox.documentation.spring.web.json.Json@77058087]
2021-10-11 21:27:17.114 DEBUG 15280 --- [http-nio-8080-exec-3] o.s.web.servlet.DispatcherServlet        : Completed 200 OK
2021-10-11 21:27:17.191 DEBUG 15280 --- [http-nio-8080-exec-9] o.s.web.servlet.DispatcherServlet        : GET "/v2/api-docs?group=A%20Student%20-%20V2", parameters={group:[A Student - V2]}
2021-10-11 21:27:17.218 DEBUG 15280 --- [http-nio-8080-exec-9] o.s.w.s.m.m.a.HttpEntityMethodProcessor  : Using 'application/json', given [application/json] and supported [application/json, application/*+json, application/json, application/*+json]
2021-10-11 21:27:17.219 DEBUG 15280 --- [http-nio-8080-exec-9] o.s.w.s.m.m.a.HttpEntityMethodProcessor  : Writing [springfox.documentation.spring.web.json.Json@5f3af3bf]
2021-10-11 21:27:17.233 DEBUG 15280 --- [http-nio-8080-exec-9] o.s.web.servlet.DispatcherServlet        : Completed 200 OK
2021-10-11 21:27:17.374 DEBUG 15280 --- [http-nio-8080-exec-5] o.s.web.servlet.DispatcherServlet        : GET "/webjars/springfox-swagger-ui/fonts/open-sans-v15-latin-regular.woff2", parameters={}
2021-10-11 21:27:17.375 DEBUG 15280 --- [http-nio-8080-exec-8] o.s.web.servlet.DispatcherServlet        : GET "/webjars/springfox-swagger-ui/fonts/open-sans-v15-latin-700.woff2", parameters={}
2021-10-11 21:27:17.375 DEBUG 15280 --- [http-nio-8080-exec-5] o.s.w.s.handler.SimpleUrlHandlerMapping  : Mapped to ResourceHttpRequestHandler ["classpath:/META-INF/resources/webjars/"]
2021-10-11 21:27:17.375 DEBUG 15280 --- [http-nio-8080-exec-8] o.s.w.s.handler.SimpleUrlHandlerMapping  : Mapped to ResourceHttpRequestHandler ["classpath:/META-INF/resources/webjars/"]
2021-10-11 21:27:17.379 DEBUG 15280 --- [http-nio-8080-exec-7] o.s.web.servlet.DispatcherServlet        : GET "/webjars/springfox-swagger-ui/fonts/source-code-pro-v7-latin-300.woff2", parameters={}
2021-10-11 21:27:17.380 DEBUG 15280 --- [http-nio-8080-exec-7] o.s.w.s.handler.SimpleUrlHandlerMapping  : Mapped to ResourceHttpRequestHandler ["classpath:/META-INF/resources/webjars/"]
2021-10-11 21:27:17.381 DEBUG 15280 --- [http-nio-8080-exec-5] o.s.web.servlet.DispatcherServlet        : Completed 200 OK
2021-10-11 21:27:17.381 DEBUG 15280 --- [http-nio-8080-exec-8] o.s.web.servlet.DispatcherServlet        : Completed 200 OK
2021-10-11 21:27:17.382 DEBUG 15280 --- [http-nio-8080-exec-7] o.s.web.servlet.DispatcherServlet        : Completed 200 OK
2021-10-11 21:27:26.645 DEBUG 15280 --- [http-nio-8080-exec-6] o.s.web.servlet.DispatcherServlet        : GET "/webjars/springfox-swagger-ui/fonts/titillium-web-v6-latin-regular.woff2", parameters={}
2021-10-11 21:27:26.646 DEBUG 15280 --- [http-nio-8080-exec-6] o.s.w.s.handler.SimpleUrlHandlerMapping  : Mapped to ResourceHttpRequestHandler ["classpath:/META-INF/resources/webjars/"]
2021-10-11 21:27:26.648 DEBUG 15280 --- [http-nio-8080-exec-6] o.s.web.servlet.DispatcherServlet        : Completed 200 OK
2021-10-11 21:27:27.585 DEBUG 15280 --- [http-nio-8080-exec-10] o.s.web.servlet.DispatcherServlet        : GET "/v2/api-docs?group=B%20Jarida%20-%20V1", parameters={group:[B Jarida - V1]}
2021-10-11 21:27:27.601 DEBUG 15280 --- [http-nio-8080-exec-10] o.s.w.s.m.m.a.HttpEntityMethodProcessor  : Using 'application/json', given [application/json, */*] and supported [application/json, application/*+json, application/json, application/*+json]
2021-10-11 21:27:27.601 DEBUG 15280 --- [http-nio-8080-exec-10] o.s.w.s.m.m.a.HttpEntityMethodProcessor  : Writing [springfox.documentation.spring.web.json.Json@33072ab8]
2021-10-11 21:27:27.602 DEBUG 15280 --- [http-nio-8080-exec-10] o.s.web.servlet.DispatcherServlet        : Completed 200 OK
2021-10-11 21:27:27.665 DEBUG 15280 --- [http-nio-8080-exec-1] o.s.web.servlet.DispatcherServlet        : GET "/v2/api-docs?group=B%20Jarida%20-%20V1", parameters={group:[B Jarida - V1]}
2021-10-11 21:27:27.669 DEBUG 15280 --- [http-nio-8080-exec-1] o.s.w.s.m.m.a.HttpEntityMethodProcessor  : Using 'application/json', given [application/json] and supported [application/json, application/*+json, application/json, application/*+json]
2021-10-11 21:27:27.669 DEBUG 15280 --- [http-nio-8080-exec-1] o.s.w.s.m.m.a.HttpEntityMethodProcessor  : Writing [springfox.documentation.spring.web.json.Json@2e34616f]
2021-10-11 21:27:27.670 DEBUG 15280 --- [http-nio-8080-exec-1] o.s.web.servlet.DispatcherServlet        : Completed 200 OK
2021-10-11 21:32:02.228 DEBUG 15280 --- [http-nio-8080-exec-8] o.s.web.servlet.DispatcherServlet        : GET "/api", parameters={}
2021-10-11 21:32:02.229 DEBUG 15280 --- [http-nio-8080-exec-8] s.w.s.m.m.a.RequestMappingHandlerMapping : Mapped to com.jarida.server.jaridaserver.WebController#redirectWithUsingRedirectPrefix()
2021-10-11 21:32:02.230 DEBUG 15280 --- [http-nio-8080-exec-8] o.s.web.servlet.view.RedirectView        : View name 'redirect:/swagger-ui.html', model {}
2021-10-11 21:32:02.231 DEBUG 15280 --- [http-nio-8080-exec-8] o.s.web.servlet.DispatcherServlet        : Completed 302 FOUND
2021-10-11 21:32:02.242 DEBUG 15280 --- [http-nio-8080-exec-7] o.s.web.servlet.DispatcherServlet        : GET "/swagger-ui.html", parameters={}
2021-10-11 21:32:02.243 DEBUG 15280 --- [http-nio-8080-exec-7] o.s.w.s.handler.SimpleUrlHandlerMapping  : Mapped to ResourceHttpRequestHandler ["classpath:/META-INF/resources/", "classpath:/resources/", "classpath:/static/", "classpath:/public/", "/"]
2021-10-11 21:32:02.245 DEBUG 15280 --- [http-nio-8080-exec-7] o.s.web.servlet.DispatcherServlet        : Completed 200 OK
2021-10-11 21:32:02.294 DEBUG 15280 --- [http-nio-8080-exec-6] o.s.web.servlet.DispatcherServlet        : GET "/webjars/springfox-swagger-ui/springfox.css?v=2.8.0-SNAPSHOT", parameters={v:[2.8.0-SNAPSHOT]}
2021-10-11 21:32:02.295 DEBUG 15280 --- [http-nio-8080-exec-6] o.s.w.s.handler.SimpleUrlHandlerMapping  : Mapped to ResourceHttpRequestHandler ["classpath:/META-INF/resources/webjars/"]
2021-10-11 21:32:02.297 DEBUG 15280 --- [http-nio-8080-exec-6] o.s.web.servlet.DispatcherServlet        : Completed 200 OK
2021-10-11 21:32:02.298 DEBUG 15280 --- [http-nio-8080-exec-10] o.s.web.servlet.DispatcherServlet        : GET "/webjars/springfox-swagger-ui/swagger-ui-bundle.js?v=2.8.0-SNAPSHOT", parameters={v:[2.8.0-SNAPSHOT]}
2021-10-11 21:32:02.299 DEBUG 15280 --- [http-nio-8080-exec-9] o.s.web.servlet.DispatcherServlet        : GET "/webjars/springfox-swagger-ui/springfox.js?v=2.8.0-SNAPSHOT", parameters={v:[2.8.0-SNAPSHOT]}
2021-10-11 21:32:02.299 DEBUG 15280 --- [http-nio-8080-exec-6] o.s.web.servlet.DispatcherServlet        : GET "/webjars/springfox-swagger-ui/swagger-ui.css?v=2.8.0-SNAPSHOT", parameters={v:[2.8.0-SNAPSHOT]}
2021-10-11 21:32:02.299 DEBUG 15280 --- [http-nio-8080-exec-10] o.s.w.s.handler.SimpleUrlHandlerMapping  : Mapped to ResourceHttpRequestHandler ["classpath:/META-INF/resources/webjars/"]
2021-10-11 21:32:02.299 DEBUG 15280 --- [http-nio-8080-exec-9] o.s.w.s.handler.SimpleUrlHandlerMapping  : Mapped to ResourceHttpRequestHandler ["classpath:/META-INF/resources/webjars/"]
2021-10-11 21:32:02.300 DEBUG 15280 --- [http-nio-8080-exec-6] o.s.w.s.handler.SimpleUrlHandlerMapping  : Mapped to ResourceHttpRequestHandler ["classpath:/META-INF/resources/webjars/"]
2021-10-11 21:32:02.301 DEBUG 15280 --- [http-nio-8080-exec-9] o.s.web.servlet.DispatcherServlet        : Completed 200 OK
2021-10-11 21:32:02.302 DEBUG 15280 --- [http-nio-8080-exec-6] o.s.web.servlet.DispatcherServlet        : Completed 200 OK
2021-10-11 21:32:02.298 DEBUG 15280 --- [http-nio-8080-exec-1] o.s.web.servlet.DispatcherServlet        : GET "/webjars/springfox-swagger-ui/swagger-ui-standalone-preset.js?v=2.8.0-SNAPSHOT", parameters={v:[2.8.0-SNAPSHOT]}
2021-10-11 21:32:02.303 DEBUG 15280 --- [http-nio-8080-exec-1] o.s.w.s.handler.SimpleUrlHandlerMapping  : Mapped to ResourceHttpRequestHandler ["classpath:/META-INF/resources/webjars/"]
2021-10-11 21:32:02.309 DEBUG 15280 --- [http-nio-8080-exec-1] o.s.web.servlet.DispatcherServlet        : Completed 200 OK
2021-10-11 21:32:02.317 DEBUG 15280 --- [http-nio-8080-exec-10] o.s.web.servlet.DispatcherServlet        : Completed 200 OK
2021-10-11 21:32:02.550 DEBUG 15280 --- [http-nio-8080-exec-4] o.s.web.servlet.DispatcherServlet        : GET "/swagger-resources/configuration/ui", parameters={}
2021-10-11 21:32:02.550 DEBUG 15280 --- [http-nio-8080-exec-4] s.w.s.m.m.a.RequestMappingHandlerMapping : Mapped to springfox.documentation.swagger.web.ApiResourceController#uiConfiguration()
2021-10-11 21:32:02.551 DEBUG 15280 --- [http-nio-8080-exec-4] o.s.w.s.m.m.a.HttpEntityMethodProcessor  : Using 'application/json', given [*/*] and supported [application/json, application/*+json, application/json, application/*+json]
2021-10-11 21:32:02.551 DEBUG 15280 --- [http-nio-8080-exec-4] o.s.w.s.m.m.a.HttpEntityMethodProcessor  : Writing [springfox.documentation.swagger.web.UiConfiguration@34023967]
2021-10-11 21:32:02.552 DEBUG 15280 --- [http-nio-8080-exec-4] o.s.web.servlet.DispatcherServlet        : Completed 200 OK
2021-10-11 21:32:02.557 DEBUG 15280 --- [http-nio-8080-exec-3] o.s.web.servlet.DispatcherServlet        : GET "/swagger-resources/configuration/security", parameters={}
2021-10-11 21:32:02.557 DEBUG 15280 --- [http-nio-8080-exec-3] s.w.s.m.m.a.RequestMappingHandlerMapping : Mapped to springfox.documentation.swagger.web.ApiResourceController#securityConfiguration()
2021-10-11 21:32:02.558 DEBUG 15280 --- [http-nio-8080-exec-3] o.s.w.s.m.m.a.HttpEntityMethodProcessor  : Using 'application/json', given [*/*] and supported [application/json, application/*+json, application/json, application/*+json]
2021-10-11 21:32:02.558 DEBUG 15280 --- [http-nio-8080-exec-3] o.s.w.s.m.m.a.HttpEntityMethodProcessor  : Writing [springfox.documentation.swagger.web.SecurityConfiguration@39d8f022]
2021-10-11 21:32:02.559 DEBUG 15280 --- [http-nio-8080-exec-3] o.s.web.servlet.DispatcherServlet        : Completed 200 OK
2021-10-11 21:32:02.564 DEBUG 15280 --- [http-nio-8080-exec-5] o.s.web.servlet.DispatcherServlet        : GET "/swagger-resources", parameters={}
2021-10-11 21:32:02.564 DEBUG 15280 --- [http-nio-8080-exec-5] s.w.s.m.m.a.RequestMappingHandlerMapping : Mapped to springfox.documentation.swagger.web.ApiResourceController#swaggerResources()
2021-10-11 21:32:02.564 DEBUG 15280 --- [http-nio-8080-exec-5] o.s.w.s.m.m.a.HttpEntityMethodProcessor  : Using 'application/json', given [*/*] and supported [application/json, application/*+json, application/json, application/*+json]
2021-10-11 21:32:02.565 DEBUG 15280 --- [http-nio-8080-exec-5] o.s.w.s.m.m.a.HttpEntityMethodProcessor  : Writing [[springfox.documentation.swagger.web.SwaggerResource@269a92b8, springfox.documentation.swagger.web.S (truncated)...]
2021-10-11 21:32:02.565 DEBUG 15280 --- [http-nio-8080-exec-5] o.s.web.servlet.DispatcherServlet        : Completed 200 OK
2021-10-11 21:32:02.592 DEBUG 15280 --- [http-nio-8080-exec-8] o.s.web.servlet.DispatcherServlet        : GET "/v2/api-docs?group=A%20Student%20-%20V2", parameters={group:[A Student - V2]}
2021-10-11 21:32:02.598 DEBUG 15280 --- [http-nio-8080-exec-8] o.s.w.s.m.m.a.HttpEntityMethodProcessor  : Using 'application/json', given [application/json, */*] and supported [application/json, application/*+json, application/json, application/*+json]
2021-10-11 21:32:02.598 DEBUG 15280 --- [http-nio-8080-exec-8] o.s.w.s.m.m.a.HttpEntityMethodProcessor  : Writing [springfox.documentation.spring.web.json.Json@12afd860]
2021-10-11 21:32:02.599 DEBUG 15280 --- [http-nio-8080-exec-8] o.s.web.servlet.DispatcherServlet        : Completed 200 OK
2021-10-11 21:32:02.611 DEBUG 15280 --- [http-nio-8080-exec-7] o.s.web.servlet.DispatcherServlet        : GET "/webjars/springfox-swagger-ui/fonts/titillium-web-v6-latin-700.woff2", parameters={}
2021-10-11 21:32:02.612 DEBUG 15280 --- [http-nio-8080-exec-7] o.s.w.s.handler.SimpleUrlHandlerMapping  : Mapped to ResourceHttpRequestHandler ["classpath:/META-INF/resources/webjars/"]
2021-10-11 21:32:02.614 DEBUG 15280 --- [http-nio-8080-exec-7] o.s.web.servlet.DispatcherServlet        : Completed 200 OK
2021-10-11 21:32:02.681 DEBUG 15280 --- [http-nio-8080-exec-9] o.s.web.servlet.DispatcherServlet        : GET "/v2/api-docs?group=A%20Student%20-%20V2", parameters={group:[A Student - V2]}
2021-10-11 21:32:02.686 DEBUG 15280 --- [http-nio-8080-exec-9] o.s.w.s.m.m.a.HttpEntityMethodProcessor  : Using 'application/json', given [application/json] and supported [application/json, application/*+json, application/json, application/*+json]
2021-10-11 21:32:02.686 DEBUG 15280 --- [http-nio-8080-exec-9] o.s.w.s.m.m.a.HttpEntityMethodProcessor  : Writing [springfox.documentation.spring.web.json.Json@5e16ade3]
2021-10-11 21:32:02.687 DEBUG 15280 --- [http-nio-8080-exec-9] o.s.web.servlet.DispatcherServlet        : Completed 200 OK
2021-10-11 21:32:02.850 DEBUG 15280 --- [http-nio-8080-exec-6] o.s.web.servlet.DispatcherServlet        : GET "/webjars/springfox-swagger-ui/fonts/open-sans-v15-latin-regular.woff2", parameters={}
2021-10-11 21:32:02.851 DEBUG 15280 --- [http-nio-8080-exec-6] o.s.w.s.handler.SimpleUrlHandlerMapping  : Mapped to ResourceHttpRequestHandler ["classpath:/META-INF/resources/webjars/"]
2021-10-11 21:32:02.853 DEBUG 15280 --- [http-nio-8080-exec-6] o.s.web.servlet.DispatcherServlet        : Completed 200 OK
2021-10-11 21:32:02.856 DEBUG 15280 --- [http-nio-8080-exec-1] o.s.web.servlet.DispatcherServlet        : GET "/webjars/springfox-swagger-ui/fonts/source-code-pro-v7-latin-300.woff2", parameters={}
2021-10-11 21:32:02.857 DEBUG 15280 --- [http-nio-8080-exec-1] o.s.w.s.handler.SimpleUrlHandlerMapping  : Mapped to ResourceHttpRequestHandler ["classpath:/META-INF/resources/webjars/"]
2021-10-11 21:32:02.856 DEBUG 15280 --- [http-nio-8080-exec-2] o.s.web.servlet.DispatcherServlet        : GET "/webjars/springfox-swagger-ui/fonts/open-sans-v15-latin-700.woff2", parameters={}
2021-10-11 21:32:02.859 DEBUG 15280 --- [http-nio-8080-exec-1] o.s.web.servlet.DispatcherServlet        : Completed 200 OK
2021-10-11 21:32:02.860 DEBUG 15280 --- [http-nio-8080-exec-2] o.s.w.s.handler.SimpleUrlHandlerMapping  : Mapped to ResourceHttpRequestHandler ["classpath:/META-INF/resources/webjars/"]
2021-10-11 21:32:02.863 DEBUG 15280 --- [http-nio-8080-exec-2] o.s.web.servlet.DispatcherServlet        : Completed 200 OK
2021-10-11 21:32:04.355 DEBUG 15280 --- [http-nio-8080-exec-10] o.s.web.servlet.DispatcherServlet        : GET "/webjars/springfox-swagger-ui/fonts/titillium-web-v6-latin-regular.woff2", parameters={}
2021-10-11 21:32:04.356 DEBUG 15280 --- [http-nio-8080-exec-10] o.s.w.s.handler.SimpleUrlHandlerMapping  : Mapped to ResourceHttpRequestHandler ["classpath:/META-INF/resources/webjars/"]
2021-10-11 21:32:04.358 DEBUG 15280 --- [http-nio-8080-exec-10] o.s.web.servlet.DispatcherServlet        : Completed 200 OK
2021-10-11 21:32:08.455 DEBUG 15280 --- [http-nio-8080-exec-4] o.s.web.servlet.DispatcherServlet        : GET "/webjars/springfox-swagger-ui/fonts/source-code-pro-v7-latin-600.woff2", parameters={}
2021-10-11 21:32:08.456 DEBUG 15280 --- [http-nio-8080-exec-4] o.s.w.s.handler.SimpleUrlHandlerMapping  : Mapped to ResourceHttpRequestHandler ["classpath:/META-INF/resources/webjars/"]
2021-10-11 21:32:08.458 DEBUG 15280 --- [http-nio-8080-exec-4] o.s.web.servlet.DispatcherServlet        : Completed 200 OK
2021-10-11 21:32:15.823 DEBUG 15280 --- [http-nio-8080-exec-3] o.s.web.servlet.DispatcherServlet        : POST "/api/v2/todo", parameters={}
2021-10-11 21:32:15.824 DEBUG 15280 --- [http-nio-8080-exec-3] s.w.s.m.m.a.RequestMappingHandlerMapping : Mapped to com.jarida.server.jaridaserver.todoApi.controller.TodoController#addNote(Todo)
2021-10-11 21:32:15.850 DEBUG 15280 --- [http-nio-8080-exec-3] m.m.a.RequestResponseBodyMethodProcessor : Read "application/json;charset=UTF-8" to [Todo(id=0, title=string, description=string, todoStatus=COMPLETED, dateCreated=null, lastModified=nu (truncated)...]
2021-10-11 21:32:15.899 DEBUG 15280 --- [http-nio-8080-exec-3] org.hibernate.SQL                        : 
    select
        todo0_.id as id1_13_0_,
        todo0_.date_created as date_cre2_13_0_,
        todo0_.description as descript3_13_0_,
        todo0_.last_modified as last_mod4_13_0_,
        todo0_.title as title5_13_0_,
        todo0_.todo_status as todo_sta6_13_0_ 
    from
        todo todo0_ 
    where
        todo0_.id=?
2021-10-11 21:32:15.902 TRACE 15280 --- [http-nio-8080-exec-3] o.h.type.descriptor.sql.BasicBinder      : binding parameter [1] as [BIGINT] - [0]
2021-10-11 21:32:15.910 DEBUG 15280 --- [http-nio-8080-exec-3] org.hibernate.SQL                        : 
    select
        next_val as id_val 
    from
        hibernate_sequence for update
            
2021-10-11 21:32:15.911 DEBUG 15280 --- [http-nio-8080-exec-3] org.hibernate.SQL                        : 
    update
        hibernate_sequence 
    set
        next_val= ? 
    where
        next_val=?
2021-10-11 21:32:15.930 DEBUG 15280 --- [http-nio-8080-exec-3] org.hibernate.SQL                        : 
    insert 
    into
        todo
        (date_created, description, last_modified, title, todo_status, id) 
    values
        (?, ?, ?, ?, ?, ?)
2021-10-11 21:32:15.931 TRACE 15280 --- [http-nio-8080-exec-3] o.h.type.descriptor.sql.BasicBinder      : binding parameter [1] as [TIMESTAMP] - [2021-10-11 21:32:15.929]
2021-10-11 21:32:15.932 TRACE 15280 --- [http-nio-8080-exec-3] o.h.type.descriptor.sql.BasicBinder      : binding parameter [2] as [VARCHAR] - [string]
2021-10-11 21:32:15.932 TRACE 15280 --- [http-nio-8080-exec-3] o.h.type.descriptor.sql.BasicBinder      : binding parameter [3] as [TIMESTAMP] - [2021-10-11 21:32:15.929]
2021-10-11 21:32:15.932 TRACE 15280 --- [http-nio-8080-exec-3] o.h.type.descriptor.sql.BasicBinder      : binding parameter [4] as [VARCHAR] - [string]
2021-10-11 21:32:15.932 TRACE 15280 --- [http-nio-8080-exec-3] o.h.type.descriptor.sql.BasicBinder      : binding parameter [5] as [INTEGER] - [0]
2021-10-11 21:32:15.932 TRACE 15280 --- [http-nio-8080-exec-3] o.h.type.descriptor.sql.BasicBinder      : binding parameter [6] as [BIGINT] - [1]
2021-10-11 21:32:15.940 DEBUG 15280 --- [http-nio-8080-exec-3] o.s.w.s.m.m.a.HttpEntityMethodProcessor  : Using 'application/json', given [application/json] and supported [application/json, application/*+json, application/json, application/*+json]
2021-10-11 21:32:15.940 DEBUG 15280 --- [http-nio-8080-exec-3] o.s.w.s.m.m.a.HttpEntityMethodProcessor  : Writing [Todo(id=0, title=string, description=string, todoStatus=COMPLETED, dateCreated=null, lastModified=nu (truncated)...]
2021-10-11 21:32:15.941 DEBUG 15280 --- [http-nio-8080-exec-3] o.s.web.servlet.DispatcherServlet        : Completed 200 OK
2021-10-11 21:32:32.436 DEBUG 15280 --- [http-nio-8080-exec-5] o.s.web.servlet.DispatcherServlet        : GET "/api/v2/todo", parameters={}
2021-10-11 21:32:32.436 DEBUG 15280 --- [http-nio-8080-exec-5] s.w.s.m.m.a.RequestMappingHandlerMapping : Mapped to com.jarida.server.jaridaserver.todoApi.controller.TodoController#getAllTodos()
2021-10-11 21:32:32.450 DEBUG 15280 --- [http-nio-8080-exec-5] org.hibernate.SQL                        : 
    select
        todo0_.id as id1_13_,
        todo0_.date_created as date_cre2_13_,
        todo0_.description as descript3_13_,
        todo0_.last_modified as last_mod4_13_,
        todo0_.title as title5_13_,
        todo0_.todo_status as todo_sta6_13_ 
    from
        todo todo0_
2021-10-11 21:32:32.451 TRACE 15280 --- [http-nio-8080-exec-5] o.h.type.descriptor.sql.BasicExtractor   : extracted value ([id1_13_] : [BIGINT]) - [1]
2021-10-11 21:32:32.453 TRACE 15280 --- [http-nio-8080-exec-5] o.h.type.descriptor.sql.BasicExtractor   : extracted value ([date_cre2_13_] : [TIMESTAMP]) - [2021-10-11 21:32:16.0]
2021-10-11 21:32:32.453 TRACE 15280 --- [http-nio-8080-exec-5] o.h.type.descriptor.sql.BasicExtractor   : extracted value ([descript3_13_] : [VARCHAR]) - [string]
2021-10-11 21:32:32.453 TRACE 15280 --- [http-nio-8080-exec-5] o.h.type.descriptor.sql.BasicExtractor   : extracted value ([last_mod4_13_] : [TIMESTAMP]) - [2021-10-11 21:32:16.0]
2021-10-11 21:32:32.453 TRACE 15280 --- [http-nio-8080-exec-5] o.h.type.descriptor.sql.BasicExtractor   : extracted value ([title5_13_] : [VARCHAR]) - [string]
2021-10-11 21:32:32.454 TRACE 15280 --- [http-nio-8080-exec-5] o.h.type.descriptor.sql.BasicExtractor   : extracted value ([todo_sta6_13_] : [INTEGER]) - [COMPLETED]
2021-10-11 21:32:32.457 DEBUG 15280 --- [http-nio-8080-exec-5] m.m.a.RequestResponseBodyMethodProcessor : Using 'application/json', given [application/json] and supported [application/json, application/*+json, application/json, application/*+json]
2021-10-11 21:32:32.457 DEBUG 15280 --- [http-nio-8080-exec-5] m.m.a.RequestResponseBodyMethodProcessor : Writing [[Todo(id=1, title=string, description=string, todoStatus=COMPLETED, dateCreated=2021-10-11 21:32:16. (truncated)...]
2021-10-11 21:32:32.459 DEBUG 15280 --- [http-nio-8080-exec-5] o.s.web.servlet.DispatcherServlet        : Completed 200 OK
2021-10-11 21:32:47.795  INFO 15280 --- [SpringContextShutdownHook] j.LocalContainerEntityManagerFactoryBean : Closing JPA EntityManagerFactory for persistence unit 'default'
2021-10-11 21:32:47.795 TRACE 15280 --- [SpringContextShutdownHook] o.h.type.spi.TypeConfiguration$Scope     : Handling #sessionFactoryClosed from [org.hibernate.internal.SessionFactoryImpl@3ff1d745] for TypeConfiguration
2021-10-11 21:32:47.795 DEBUG 15280 --- [SpringContextShutdownHook] o.h.type.spi.TypeConfiguration$Scope     : Un-scoping TypeConfiguration [org.hibernate.type.spi.TypeConfiguration$Scope@5bc3da89] from SessionFactory [org.hibernate.internal.SessionFactoryImpl@3ff1d745]
2021-10-11 21:32:47.796  INFO 15280 --- [SpringContextShutdownHook] o.s.s.concurrent.ThreadPoolTaskExecutor  : Shutting down ExecutorService 'applicationTaskExecutor'
2021-10-11 21:32:47.797  INFO 15280 --- [SpringContextShutdownHook] com.zaxxer.hikari.HikariDataSource       : HikariPool-1 - Shutdown initiated...
2021-10-11 21:32:47.803  INFO 15280 --- [SpringContextShutdownHook] com.zaxxer.hikari.HikariDataSource       : HikariPool-1 - Shutdown completed.
